0 info it worked if it ends with ok
1 verbose cli [ '/usr/bin/node', '/usr/bin/npm', 'run', 'serve' ]
2 info using npm@3.5.2
3 info using node@v8.10.0
4 verbose run-script [ 'preserve', 'serve', 'postserve' ]
5 info lifecycle LoveL@1.0.0~preserve: LoveL@1.0.0
6 silly lifecycle LoveL@1.0.0~preserve: no script for preserve, continuing
7 info lifecycle LoveL@1.0.0~serve: LoveL@1.0.0
8 verbose lifecycle LoveL@1.0.0~serve: unsafe-perm in lifecycle true
9 verbose lifecycle LoveL@1.0.0~serve: PATH: /usr/share/npm/bin/node-gyp-bin:/mnt/c/Users/MEI-YU/Documents/WebDev/Web_dev_final_project/src/node_modules/.bin:/home/meiyu/anaconda3/bin:/home/meiyu/anaconda3/condabin:/usr/local/sbin:/usr/local/bin:/usr/sbin:/usr/bin:/sbin:/bin:/usr/games:/usr/local/games:/mnt/c/Program Files/NVIDIA GPU Computing Toolkit/CUDA/v10.0/bin:/mnt/c/Program Files/NVIDIA GPU Computing Toolkit/CUDA/v10.0/libnvvp:/mnt/c/Windows/system32:/mnt/c/Windows:/mnt/c/Windows/System32/Wbem:/mnt/c/Windows/System32/WindowsPowerShell/v1.0:/mnt/c/Windows/System32/OpenSSH:/mnt/d:/mnt/c/Program Files (x86)/NVIDIA Corporation/PhysX/Common:/mnt/c/Program Files/MATLAB/R2019a/bin:/mnt/c/Program Files/Git/cmd:/mnt/c/Users/MEI-YU/AppData/Local/Microsoft/WindowsApps:/mnt/c/Program Files/JetBrains/PyCharm Community Edition with Anaconda plugin 2019.2/bin:/mnt/d:/mnt/c/Users/MEI-YU/AppData/Local/atom/bin:/snap/bin
10 verbose lifecycle LoveL@1.0.0~serve: CWD: /mnt/c/Users/MEI-YU/Documents/WebDev/Web_dev_final_project/src
11 silly lifecycle LoveL@1.0.0~serve: Args: [ '-c', 'vue-cli-service serve front-end/main.js' ]
12 silly lifecycle LoveL@1.0.0~serve: Returned: code: 1  signal: null
13 info lifecycle LoveL@1.0.0~serve: Failed to exec serve script
14 verbose stack Error: LoveL@1.0.0 serve: `vue-cli-service serve front-end/main.js`
14 verbose stack Exit status 1
14 verbose stack     at EventEmitter.<anonymous> (/usr/share/npm/lib/utils/lifecycle.js:232:16)
14 verbose stack     at emitTwo (events.js:126:13)
14 verbose stack     at EventEmitter.emit (events.js:214:7)
14 verbose stack     at ChildProcess.<anonymous> (/usr/share/npm/lib/utils/spawn.js:24:14)
14 verbose stack     at emitTwo (events.js:126:13)
14 verbose stack     at ChildProcess.emit (events.js:214:7)
14 verbose stack     at maybeClose (internal/child_process.js:925:16)
14 verbose stack     at Process.ChildProcess._handle.onexit (internal/child_process.js:209:5)
15 verbose pkgid LoveL@1.0.0
16 verbose cwd /mnt/c/Users/MEI-YU/Documents/WebDev/Web_dev_final_project/src
17 error Linux 4.4.0-18362-Microsoft
18 error argv "/usr/bin/node" "/usr/bin/npm" "run" "serve"
19 error node v8.10.0
20 error npm  v3.5.2
21 error code ELIFECYCLE
22 error LoveL@1.0.0 serve: `vue-cli-service serve front-end/main.js`
22 error Exit status 1
23 error Failed at the LoveL@1.0.0 serve script 'vue-cli-service serve front-end/main.js'.
23 error Make sure you have the latest version of node.js and npm installed.
23 error If you do, this is most likely a problem with the LoveL package,
23 error not with npm itself.
23 error Tell the author that this fails on your system:
23 error     vue-cli-service serve front-end/main.js
23 error You can get information on how to open an issue for this project with:
23 error     npm bugs LoveL
23 error Or if that isn't available, you can get their info via:
23 error     npm owner ls LoveL
23 error There is likely additional logging output above.
24 verbose exit [ 1, true ]
